#
# A fatal error has been detected by the Java Runtime Environment:
#
#  EXCEPTION_ACCESS_VIOLATION (0xc0000005) at pc=0x0000000068328845, pid=8776, tid=12176
#
# JRE version: Java(TM) SE Runtime Environment (8.0_60-b27) (build 1.8.0_60-b27)
# Java VM: Java HotSpot(TM) 64-Bit Server VM (25.60-b23 mixed mode windows-amd64 compressed oops)
# Problematic frame:
# V  [jvm.dll+0x128845]
#
# Failed to write core dump. Minidumps are not enabled by default on client versions of Windows
#
# If you would like to submit a bug report, please visit:
#   http://bugreport.java.com/bugreport/crash.jsp
#

---------------  T H R E A D  ---------------

Current thread (0x0000000016fe6000):  JavaThread "JDWP Transport Listener: dt_socket" daemon [_thread_in_vm, id=12176, stack(0x0000000018950000,0x0000000018a50000)]

siginfo: ExceptionCode=0xc0000005, reading address 0x0000000000003b6e

Registers:
RAX=0x0000000018a4f601, RBX=0x0000000016fe6000, RCX=0x0000000000003b6e, RDX=0x0000000000000000
RSP=0x0000000018a4f600, RBP=0x0000000000003b6e, RSI=0x0000000018a4f718, RDI=0x0000000002358550
R8 =0x0000000016fe6000, R9 =0x0000000000000000, R10=0x0000000000000000, R11=0x0000000000000064
R12=0x0000000000000000, R13=0x0000000016ff0a18, R14=0x0000000000000000, R15=0x0000000000000000
RIP=0x0000000068328845, EFLAGS=0x0000000000010202

Top of Stack: (sp=0x0000000018a4f600)
0x0000000018a4f600:   0000000016fe6000 0000000016fe6000
0x0000000018a4f610:   0000000018a4f6c8 000000006852e18b
0x0000000018a4f620:   0000000016fe6000 000000006854a9ed
0x0000000018a4f630:   0000000000000000 0000000068b59155
0x0000000018a4f640:   0000000017007180 0000000068b6291e
0x0000000018a4f650:   0000000016fe6000 0000000000000000
0x0000000018a4f660:   0000000000000000 0000000000000000
0x0000000018a4f670:   0000000000003b6e 0000000068b61a15
0x0000000018a4f680:   0000000018a4f718 0000000018a4f6f0
0x0000000018a4f690:   0000000000000001 0000000017007180
0x0000000018a4f6a0:   0000000000003b6e 0000000068b453b3
0x0000000018a4f6b0:   0000000018a4f7e0 0000000000000001
0x0000000018a4f6c0:   0000000000000001 0000000017007180
0x0000000018a4f6d0:   000000000000000a 0000000000000000
0x0000000018a4f6e0:   0000000000000000 0000000000000000
0x0000000018a4f6f0:   0000000000000001 0000000068b45571 

Instructions: (pc=0x0000000068328845)
0x0000000068328825:   cc cc cc cc cc cc cc cc cc cc cc 48 83 ec 28 48
0x0000000068328835:   85 c9 75 07 33 c0 48 83 c4 28 c3 48 89 5c 24 20
0x0000000068328845:   48 8b 19 48 85 db 74 20 48 83 fb 37 74 1a 48 8b
0x0000000068328855:   13 48 8b cb ff 52 10 84 c0 74 0d 48 8b c3 48 8b 


Register to memory mapping:

RAX=0x0000000018a4f601 is pointing into the stack for thread: 0x0000000016fe6000
RBX=0x0000000016fe6000 is a thread
RCX=0x0000000000003b6e is an unknown value
RDX=0x0000000000000000 is an unknown value
RSP=0x0000000018a4f600 is pointing into the stack for thread: 0x0000000016fe6000
RBP=0x0000000000003b6e is an unknown value
RSI=0x0000000018a4f718 is pointing into the stack for thread: 0x0000000016fe6000
RDI=0x0000000002358550 is an unknown value
R8 =0x0000000016fe6000 is a thread
R9 =0x0000000000000000 is an unknown value
R10=0x0000000000000000 is an unknown value
R11=0x0000000000000064 is an unknown value
R12=0x0000000000000000 is an unknown value
R13=0x0000000016ff0a18 is an unknown value
R14=0x0000000000000000 is an unknown value
R15=0x0000000000000000 is an unknown value


Stack: [0x0000000018950000,0x0000000018a50000],  sp=0x0000000018a4f600,  free space=1021k
Native frames: (J=compiled Java code, j=interpreted, Vv=VM code, C=native code)
V  [jvm.dll+0x128845]
V  [jvm.dll+0x34a9ed]
C  [jdwp.dll+0x21a15]
C  [jdwp.dll+0x53b3]
C  [jdwp.dll+0x5571]
C  [jdwp.dll+0xf0a8]
C  [jdwp.dll+0x1f2d5]
C  [jdwp.dll+0x1f4aa]
V  [jvm.dll+0x1bb8e8]
V  [jvm.dll+0x243134]
V  [jvm.dll+0x299f6a]
C  [msvcr100.dll+0x21d9f]
C  [msvcr100.dll+0x21e3b]
C  [KERNEL32.DLL+0x18102]
C  [ntdll.dll+0x5c5b4]


---------------  P R O C E S S  ---------------

Java Threads: ( => current thread )
  0x0000000018f99000 JavaThread "Service Thread" daemon [_thread_blocked, id=1172, stack(0x0000000019350000,0x0000000019450000)]
  0x0000000017010800 JavaThread "C1 CompilerThread2" daemon [_thread_blocked, id=7748, stack(0x0000000018e50000,0x0000000018f50000)]
  0x0000000017009000 JavaThread "C2 CompilerThread1" daemon [_thread_blocked, id=14204, stack(0x0000000018d50000,0x0000000018e50000)]
  0x0000000017004000 JavaThread "C2 CompilerThread0" daemon [_thread_blocked, id=520, stack(0x0000000018c50000,0x0000000018d50000)]
  0x0000000016ff9000 JavaThread "JDWP Command Reader" daemon [_thread_in_native, id=1048, stack(0x0000000018b50000,0x0000000018c50000)]
  0x0000000016ff6000 JavaThread "JDWP Event Helper Thread" daemon [_thread_blocked, id=10688, stack(0x0000000018a50000,0x0000000018b50000)]
=>0x0000000016fe6000 JavaThread "JDWP Transport Listener: dt_socket" daemon [_thread_in_vm, id=12176, stack(0x0000000018950000,0x0000000018a50000)]
  0x0000000016fdf000 JavaThread "Attach Listener" daemon [_thread_blocked, id=10924, stack(0x0000000018510000,0x0000000018610000)]
  0x0000000016fde000 JavaThread "Signal Dispatcher" daemon [_thread_blocked, id=13140, stack(0x0000000018410000,0x0000000018510000)]
  0x0000000002459000 JavaThread "Finalizer" daemon [_thread_blocked, id=5544, stack(0x0000000018230000,0x0000000018330000)]
  0x0000000002450000 JavaThread "Reference Handler" daemon [_thread_blocked, id=13368, stack(0x0000000018130000,0x0000000018230000)]
  0x000000000235d800 JavaThread "main" [_thread_blocked, id=10920, stack(0x00000000021b0000,0x00000000022b0000)]

Other Threads:
  0x0000000016fa9000 VMThread [stack: 0x0000000018030000,0x0000000018130000] [id=12484]
  0x0000000018fbf800 WatcherThread [stack: 0x0000000019450000,0x0000000019550000] [id=10184]

VM state:not at safepoint (normal execution)

VM Mutex/Monitor currently owned by a thread: None

Heap:
 PSYoungGen      total 38400K, used 5325K [0x00000000d5b80000, 0x00000000d8600000, 0x0000000100000000)
  eden space 33280K, 16% used [0x00000000d5b80000,0x00000000d60b3518,0x00000000d7c00000)
  from space 5120K, 0% used [0x00000000d8100000,0x00000000d8100000,0x00000000d8600000)
  to   space 5120K, 0% used [0x00000000d7c00000,0x00000000d7c00000,0x00000000d8100000)
 ParOldGen       total 87552K, used 0K [0x0000000081200000, 0x0000000086780000, 0x00000000d5b80000)
  object space 87552K, 0% used [0x0000000081200000,0x0000000081200000,0x0000000086780000)
 Metaspace       used 3645K, capacity 4606K, committed 4864K, reserved 1056768K
  class space    used 425K, capacity 430K, committed 512K, reserved 1048576K

Card table byte_map: [0x0000000011820000,0x0000000011c20000] byte_map_base: 0x0000000011417000

Marking Bits: (ParMarkBitMap*) 0x0000000068a0a5b0
 Begin Bits: [0x00000000122d0000, 0x0000000014288000)
 End Bits:   [0x0000000014288000, 0x0000000016240000)

Polling page: 0x0000000002180000

CodeCache: size=245760Kb used=1512Kb max_used=1518Kb free=244247Kb
 bounds [0x0000000002460000, 0x00000000026d0000, 0x0000000011460000]
 total_blobs=424 nmethods=172 adapters=173
 compilation: enabled

Compilation events (10 events):
Event: 0.220 Thread 0x0000000017010800  153       3       java.util.regex.Pattern$LastNode::match (45 bytes)
Event: 0.220 Thread 0x0000000017010800 nmethod 153 0x00000000025d7590 code [0x00000000025d7700, 0x00000000025d7930]
Event: 0.220 Thread 0x0000000017010800  134       3       java.util.regex.Pattern::append (39 bytes)
Event: 0.220 Thread 0x0000000017010800 nmethod 134 0x00000000025d6f50 code [0x00000000025d70c0, 0x00000000025d7408]
Event: 0.222 Thread 0x0000000017004000 nmethod 165 0x00000000025d6b10 code [0x00000000025d6c60, 0x00000000025d6e38]
Event: 0.222 Thread 0x0000000017004000  170       4       java.util.regex.ASCII::isAscii (13 bytes)
Event: 0.222 Thread 0x0000000017004000 nmethod 170 0x00000000025c6d10 code [0x00000000025c6e40, 0x00000000025c6e98]
Event: 0.222 Thread 0x0000000017004000  168       4       java.util.regex.Pattern$Node::match (27 bytes)
Event: 0.224 Thread 0x0000000017004000 nmethod 168 0x00000000025d6750 code [0x00000000025d68a0, 0x00000000025d69d8]
Event: 0.232 Thread 0x0000000017009000 nmethod 151% 0x00000000025d9a90 code [0x00000000025d9c60, 0x00000000025da7c8]

GC Heap History (0 events):
No events

Deoptimization events (0 events):
No events

Internal exceptions (6 events):
Event: 0.034 Thread 0x000000000235d800 Exception <a 'java/lang/NoSuchMethodError': Method sun.misc.Unsafe.defineClass(Ljava/lang/String;[BII)Ljava/lang/Class; name or signature does not match> (0x00000000d5b8d680) thrown at [C:\re\workspace\8-2-build-windows-amd64-cygwin\jdk8u60\4407\hotspot\srJ	5Œ÷è°?
Event: 0.034 Thread 0x000000000235d800 Exception <a 'java/lang/NoSuchMethodError': Method sun.misc.Unsafe.prefetchRead(Ljava/lang/Object;J)V name or signature does not match> (0x00000000d5b8d968) thrown at [C:\re\workspace\8-2-build-windows-amd64-cygwin\jdk8u60\4407\hotspot\src\share\vm\prims\j¢ÆBÄh◊√?
Event: 0.155 Thread 0x000000000235d800 Exception <a 'java/security/PrivilegedActionException'> (0x00000000d5c1df60) thrown at [C:\re\workspace\8-2-build-windows-amd64-cygwin\jdk8u60\4407\hotspot\src\share\vm\prims\jvm.cpp, line 1386]
Event: 0.155 Thread 0x000000000235d800 Exception <a 'java/security/PrivilegedActionException'> (0x00000000d5c1e358) thrown at [C:\re\workspace\8-2-build-windows-amd64-cygwin\jdk8u60\4407\hotspot\src\share\vm\prims\jvm.cpp, line 1386]
Event: 0.156 Thread 0x000000000235d800 Exception <a 'java/security/PrivilegedActionException'> (0x00000000d5c220e8) thrown at [C:\re\workspace\8-2-build-windows-amd64-cygwin\jdk8u60\4407\hotspot\src\share\vm\prims\jvm.cpp, line 1386]
Event: 0.156 Thread 0x000000000235d800 Exception <a 'java/security/PrivilegedActionException'> (0x00000000d5c224e0) thrown at [C:\re\workspace\8-2-build-windows-amd64-cygwin\jdk8u60\4407\hotspot\src\share\vm\prims\jvm.cpp, line 1386]

Events (10 events):
Event: 0.221 loading class Node
Event: 0.221 loading class Node done
Event: 4.123 Executing VM operation: EnableBiasedLocking
Event: 4.124 Executing VM operation: EnableBiasedLocking done
Event: 29.996 Executing VM operation: ChangeBreakpoints
Event: 29.996 Executing VM operation: ChangeBreakpoints done
Event: 49.624 Executing VM operation: ChangeBreakpoints
Event: 49.624 Executing VM operation: ChangeBreakpoints done
Event: 878.401 Executing VM operation: RedefineClasses
Event: 878.403 Executing VM operation: RedefineClasses done


Dynamic libraries:
0x00007ff729ae0000 - 0x00007ff729b17000 	C:\Program Files\Java\jre1.8.0_60\bin\javaw.exe
0x00007ffab0a20000 - 0x00007ffab0be1000 	C:\WINDOWS\SYSTEM32\ntdll.dll
0x00007ffaafe20000 - 0x00007ffaafecd000 	C:\WINDOWS\system32\KERNEL32.DLL
0x00007ffaad1c0000 - 0x00007ffaad3a8000 	C:\WINDOWS\system32\KERNELBASE.dll
0x0000000069510000 - 0x00000000695be000 	C:\Program Files\Bitdefender\Bitdefender 2016\Active Virus Control\Avc3_00369_026\avcuf64.dll
0x00007ffab0820000 - 0x00007ffab08c7000 	C:\WINDOWS\system32\ADVAPI32.dll
0x00007ffaae490000 - 0x00007ffaae52d000 	C:\WINDOWS\system32\msvcrt.dll
0x00007ffaafdc0000 - 0x00007ffaafe1b000 	C:\WINDOWS\system32\sechost.dll
0x00007ffaae370000 - 0x00007ffaae48c000 	C:\WINDOWS\system32\RPCRT4.dll
0x00007ffab0000000 - 0x00007ffab0156000 	C:\WINDOWS\system32\USER32.dll
0x00007ffab0180000 - 0x00007ffab0306000 	C:\WINDOWS\system32\GDI32.dll
0x00007ffa9e200000 - 0x00007ffa9e474000 	C:\WINDOWS\WinSxS\amd64_microsoft.windows.common-controls_6595b64144ccf1df_6.0.10586.494_none_a2d8b04ea53e3145\COMCTL32.dll
0x00007ffab0310000 - 0x00007ffab058d000 	C:\WINDOWS\system32\combase.dll
0x00007ffaad640000 - 0x00007ffaad6aa000 	C:\WINDOWS\system32\bcryptPrimitives.dll
0x00007ffaade20000 - 0x00007ffaade5b000 	C:\WINDOWS\system32\IMM32.DLL
0x0000000068b80000 - 0x0000000068c52000 	C:\Program Files\Java\jre1.8.0_60\bin\msvcr100.dll
0x0000000068200000 - 0x0000000068a89000 	C:\Program Files\Java\jre1.8.0_60\bin\server\jvm.dll
0x00007ffaaff40000 - 0x00007ffaaff48000 	C:\WINDOWS\system32\PSAPI.DLL
0x00007ffa9f8e0000 - 0x00007ffa9f8e9000 	C:\WINDOWS\SYSTEM32\WSOCK32.dll
0x00007ffaafba0000 - 0x00007ffaafc0b000 	C:\WINDOWS\system32\WS2_32.dll
0x00007ffaab2c0000 - 0x00007ffaab2e3000 	C:\WINDOWS\SYSTEM32\WINMM.dll
0x00007ffaa9ef0000 - 0x00007ffaa9efa000 	C:\WINDOWS\SYSTEM32\VERSION.dll
0x00007ffaab290000 - 0x00007ffaab2bc000 	C:\WINDOWS\SYSTEM32\WINMMBASE.dll
0x00007ffaadd00000 - 0x00007ffaadd43000 	C:\WINDOWS\system32\cfgmgr32.dll
0x00000000681f0000 - 0x00000000681ff000 	C:\Program Files\Java\jre1.8.0_60\bin\verify.dll
0x00000000681c0000 - 0x00000000681e9000 	C:\Program Files\Java\jre1.8.0_60\bin\java.dll
0x0000000068b40000 - 0x0000000068b75000 	C:\Program Files\Java\jre1.8.0_60\bin\jdwp.dll
0x0000000068b30000 - 0x0000000068b38000 	C:\Program Files\Java\jre1.8.0_60\bin\npt.dll
0x00000000681a0000 - 0x00000000681b6000 	C:\Program Files\Java\jre1.8.0_60\bin\zip.dll
0x00007ffaae530000 - 0x00007ffaafa8c000 	C:\WINDOWS\system32\SHELL32.dll
0x00007ffaad6b0000 - 0x00007ffaadcf5000 	C:\WINDOWS\system32\windows.storage.dll
0x00007ffaade80000 - 0x00007ffaaded2000 	C:\WINDOWS\system32\shlwapi.dll
0x00007ffaad0c0000 - 0x00007ffaad0cf000 	C:\WINDOWS\system32\kernel.appcore.dll
0x00007ffaad3b0000 - 0x00007ffaad465000 	C:\WINDOWS\system32\shcore.dll
0x00007ffaad060000 - 0x00007ffaad0ab000 	C:\WINDOWS\system32\powrprof.dll
0x00007ffaad040000 - 0x00007ffaad054000 	C:\WINDOWS\system32\profapi.dll
0x0000000068b20000 - 0x0000000068b29000 	C:\Program Files\Java\jre1.8.0_60\bin\dt_socket.dll
0x00007ffa968e0000 - 0x00007ffa968f6000 	C:\WINDOWS\system32\napinsp.dll
0x00007ffa968c0000 - 0x00007ffa968da000 	C:\WINDOWS\system32\pnrpnsp.dll
0x00007ffaaa9e0000 - 0x00007ffaaa9f8000 	C:\WINDOWS\system32\NLAapi.dll
0x00007ffaac910000 - 0x00007ffaac96c000 	C:\WINDOWS\System32\mswsock.dll
0x00007ffaab9c0000 - 0x00007ffaaba6a000 	C:\WINDOWS\SYSTEM32\DNSAPI.dll
0x00007ffaade60000 - 0x00007ffaade68000 	C:\WINDOWS\system32\NSI.dll
0x00007ffa968b0000 - 0x00007ffa968bd000 	C:\WINDOWS\System32\winrnr.dll
0x00007ffa96890000 - 0x00007ffa968a5000 	C:\WINDOWS\System32\wshbth.dll
0x0000000069780000 - 0x00000000697a6000 	C:\Program Files\Bonjour\mdnsNSP.dll
0x00007ffaaa700000 - 0x00007ffaaa738000 	C:\WINDOWS\SYSTEM32\Iphlpapi.DLL
0x00007ffaa2b40000 - 0x00007ffaa2ba7000 	C:\WINDOWS\System32\fwpuclnt.dll
0x00007ffaacf70000 - 0x00007ffaacf99000 	C:\WINDOWS\SYSTEM32\bcrypt.dll
0x00007ffaa0530000 - 0x00007ffaa053a000 	C:\Windows\System32\rasadhlp.dll
0x0000000068180000 - 0x000000006819a000 	C:\Program Files\Java\jre1.8.0_60\bin\net.dll
0x0000000068160000 - 0x0000000068171000 	C:\Program Files\Java\jre1.8.0_60\bin\nio.dll
0x00007ffa9aa60000 - 0x00007ffa9abec000 	C:\WINDOWS\SYSTEM32\dbghelp.dll
0x00007ffa8b800000 - 0x00007ffa8b825000 	C:\WINDOWS\SYSTEM32\dbgcore.DLL

VM Arguments:
jvm_args: -agentlib:jdwp=transport=dt_socket,suspend=y,address=localhost:57511 -Dfile.encoding=Cp1252 
java_command: RpHND_CompositeVariable_Main
java_class_path (initial): C:\Users\Pouya\workspace2\RpHND_CompositeVariable\bin;C:\Users\Pouya\workspace2\RpHND_CompositeVariable\lib\MyArray.jar;C:\Users\Pouya\workspace2\RpHND_CompositeVariable\lib\gurobi.jar
Launcher Type: SUN_STANDARD

Environment Variables:
PATH=C:/Program Files/Java/jre1.8.0_60/bin/server;C:/Program Files/Java/jre1.8.0_60/bin;C:/Program Files/Java/jre1.8.0_60/lib/amd64;C:\gurobi605\win64\bin;C:\ProgramData\Oracle\Java\javapath;C:\Program Files (x86)\Intel\iCLS Client\;C:\Program Files\Intel\iCLS Client\;C:\Windows\system32;C:\Windows;C:\Windows\System32\Wbem;C:\Windows\System32\WindowsPowerShell\v1.0\;C:\Program Files (x86)\Acer\abFiles\;C:\Program Files\Intel\Intel(R) Management Engine Components\DAL;C:\Program Files\Intel\Intel(R) Management Engine Components\IPT;C:\Program Files (x86)\Intel\Intel(R) Management Engine Components\DAL;C:\Program Files (x86)\Intel\Intel(R) Management Engine Components\IPT;C:\WINDOWS\system32;C:\WINDOWS;C:\WINDOWS\System32\Wbem;C:\WINDOWS\System32\WindowsPowerShell\v1.0\;C:\Program Files (x86)\Skype\Phone\;D:\eclipse;
USERNAME=Pouya
OS=Windows_NT
PROCESSOR_IDENTIFIER=Intel64 Family 6 Model 69 Stepping 1, GenuineIntel



---------------  S Y S T E M  ---------------

OS: Windows 10.0 , 64 bit Build 10586 (10.0.10586.0)

CPU:total 4 (2 cores per cpu, 2 threads per core) family 6 model 69 stepping 1, cmov, cx8, fxsr, mmx, sse, sse2, sse3, ssse3, sse4.1, sse4.2, popcnt, avx, avx2, aes, clmul, erms, lzcnt, ht, tsc, tscinvbit, bmi1, bmi2

Memory: 4k page, physical 8310040k(3890260k free), swap 10669336k(3839340k free)

vm_info: Java HotSpot(TM) 64-Bit Server VM (25.60-b23) for windows-amd64 JRE (1.8.0_60-b27), built on Aug  4 2015 11:06:27 by "java_re" with MS VC++ 10.0 (VS2010)

time: Tue Aug 09 10:09:53 2016
elapsed time: 879 seconds (0d 0h 14m 39s)

