
Gurobi 6.0.5 (win64) logging started 08/11/16 11:33:42


Gurobi 6.0.5 (win64) logging started 08/11/16 11:42:20


Gurobi 6.0.5 (win64) logging started 08/11/16 11:51:00


Gurobi 6.0.5 (win64) logging started 08/11/16 11:52:25


Gurobi 6.0.5 (win64) logging started 08/11/16 11:52:29


Gurobi 6.0.5 (win64) logging started 08/11/16 11:53:33


Gurobi 6.0.5 (win64) logging started 08/11/16 14:43:29


Gurobi 6.0.5 (win64) logging started 08/11/16 14:44:06

Optimize a model with 496 rows, 5410 columns and 5860 nonzeros
Coefficient statistics:
  Matrix range    [1e+00, 1e+00]
  Objective range [1e+03, 1e+03]
  Bounds range    [1e+00, 1e+00]
  RHS range       [1e+00, 3e+00]
Found heuristic solution: objective 3000
Presolve removed 496 rows and 5410 columns
Presolve time: 0.00s

Explored 0 nodes (0 simplex iterations) in 0.06 seconds
Thread count was 1 (of 4 available processors)

Optimal solution found (tolerance 1.00e-04)
Best objective 3.000000000000e+03, best bound 3.000000000000e+03, gap 0.0%

Gurobi 6.0.5 (win64) logging started 08/11/16 14:46:10

Optimize a model with 496 rows, 5410 columns and 5860 nonzeros
Coefficient statistics:
  Matrix range    [1e+00, 1e+00]
  Objective range [1e+03, 1e+03]
  Bounds range    [1e+00, 1e+00]
  RHS range       [1e+00, 3e+00]
Found heuristic solution: objective 3000
Presolve removed 496 rows and 5410 columns
Presolve time: 0.00s

Explored 0 nodes (0 simplex iterations) in 0.01 seconds
Thread count was 1 (of 4 available processors)

Optimal solution found (tolerance 1.00e-04)
Best objective 3.000000000000e+03, best bound 3.000000000000e+03, gap 0.0%

Gurobi 6.0.5 (win64) logging started 08/11/16 14:47:08

Optimize a model with 496 rows, 5410 columns and 5860 nonzeros
Coefficient statistics:
  Matrix range    [1e+00, 1e+00]
  Objective range [1e+03, 1e+03]
  Bounds range    [1e+00, 1e+00]
  RHS range       [1e+00, 3e+00]
Found heuristic solution: objective 3000
Presolve removed 496 rows and 5410 columns
Presolve time: 0.00s

Explored 0 nodes (0 simplex iterations) in 0.01 seconds
Thread count was 1 (of 4 available processors)

Optimal solution found (tolerance 1.00e-04)
Best objective 3.000000000000e+03, best bound 3.000000000000e+03, gap 0.0%

Gurobi 6.0.5 (win64) logging started 08/11/16 14:48:33

Optimize a model with 496 rows, 5410 columns and 5860 nonzeros
Coefficient statistics:
  Matrix range    [1e+00, 1e+00]
  Objective range [5e+00, 1e+03]
  Bounds range    [1e+00, 1e+00]
  RHS range       [1e+00, 3e+00]
Found heuristic solution: objective 5873.41
Presolve removed 496 rows and 5410 columns
Presolve time: 0.01s

Explored 0 nodes (0 simplex iterations) in 0.01 seconds
Thread count was 1 (of 4 available processors)

Optimal solution found (tolerance 1.00e-04)
Best objective 4.733980661260e+03, best bound 4.733980661260e+03, gap 0.0%

Gurobi 6.0.5 (win64) logging started 08/11/16 14:49:11

Optimize a model with 496 rows, 5410 columns and 5860 nonzeros
Coefficient statistics:
  Matrix range    [1e+00, 1e+00]
  Objective range [5e+00, 1e+03]
  Bounds range    [1e+00, 1e+00]
  RHS range       [1e+00, 3e+00]
Found heuristic solution: objective 5873.41
Presolve removed 496 rows and 5410 columns
Presolve time: 0.01s

Explored 0 nodes (0 simplex iterations) in 0.01 seconds
Thread count was 1 (of 4 available processors)

Optimal solution found (tolerance 1.00e-04)
Best objective 4.733980661260e+03, best bound 4.733980661260e+03, gap 0.0%

Gurobi 6.0.5 (win64) logging started 08/11/16 14:59:44

Optimize a model with 496 rows, 5410 columns and 5860 nonzeros
Coefficient statistics:
  Matrix range    [1e+00, 1e+00]
  Objective range [5e+00, 1e+03]
  Bounds range    [1e+00, 1e+00]
  RHS range       [1e+00, 3e+00]
Found heuristic solution: objective 6127.01
Presolve removed 496 rows and 5410 columns
Presolve time: 0.01s

Explored 0 nodes (0 simplex iterations) in 0.01 seconds
Thread count was 1 (of 4 available processors)

Optimal solution found (tolerance 1.00e-04)
Best objective 4.742761761480e+03, best bound 4.742761761480e+03, gap 0.0%

Gurobi 6.0.5 (win64) logging started 08/11/16 15:23:07

Optimize a model with 496 rows, 5410 columns and 5860 nonzeros
Coefficient statistics:
  Matrix range    [1e+00, 1e+00]
  Objective range [5e+00, 1e+03]
  Bounds range    [1e+00, 1e+00]
  RHS range       [1e+00, 3e+00]
Found heuristic solution: objective 6127.01
Presolve removed 496 rows and 5410 columns
Presolve time: 0.01s

Explored 0 nodes (0 simplex iterations) in 0.01 seconds
Thread count was 1 (of 4 available processors)

Optimal solution found (tolerance 1.00e-04)
Best objective 4.742761761480e+03, best bound 4.742761761480e+03, gap 0.0%

Gurobi 6.0.5 (win64) logging started 08/11/16 15:23:17

Optimize a model with 496 rows, 5410 columns and 5860 nonzeros
Coefficient statistics:
  Matrix range    [1e+00, 1e+00]
  Objective range [5e+00, 1e+03]
  Bounds range    [1e+00, 1e+00]
  RHS range       [1e+00, 3e+00]
Found heuristic solution: objective 6127.01
Presolve removed 496 rows and 5410 columns
Presolve time: 0.00s

Explored 0 nodes (0 simplex iterations) in 0.01 seconds
Thread count was 1 (of 4 available processors)

Optimal solution found (tolerance 1.00e-04)
Best objective 4.742761761480e+03, best bound 4.742761761480e+03, gap 0.0%

Gurobi 6.0.5 (win64) logging started 08/11/16 15:23:21

Optimize a model with 496 rows, 5410 columns and 5860 nonzeros
Coefficient statistics:
  Matrix range    [1e+00, 1e+00]
  Objective range [5e+00, 1e+03]
  Bounds range    [1e+00, 1e+00]
  RHS range       [1e+00, 3e+00]
Found heuristic solution: objective 6127.01
Presolve removed 496 rows and 5410 columns
Presolve time: 0.01s

Explored 0 nodes (0 simplex iterations) in 0.01 seconds
Thread count was 1 (of 4 available processors)

Optimal solution found (tolerance 1.00e-04)
Best objective 4.742761761480e+03, best bound 4.742761761480e+03, gap 0.0%

Gurobi 6.0.5 (win64) logging started 08/11/16 15:24:30

Optimize a model with 496 rows, 5410 columns and 5860 nonzeros
Coefficient statistics:
  Matrix range    [1e+00, 4e+01]
  Objective range [5e+00, 1e+03]
  Bounds range    [1e+00, 1e+00]
  RHS range       [1e+00, 3e+00]
Found heuristic solution: objective 6127.01
Presolve removed 496 rows and 5410 columns
Presolve time: 0.01s

Explored 0 nodes (0 simplex iterations) in 0.01 seconds
Thread count was 1 (of 4 available processors)

Optimal solution found (tolerance 1.00e-04)
Best objective 4.742761761480e+03, best bound 4.742761761480e+03, gap 0.0%

Gurobi 6.0.5 (win64) logging started 08/11/16 15:25:15

Optimize a model with 496 rows, 5410 columns and 5860 nonzeros
Coefficient statistics:
  Matrix range    [1e+00, 4e+01]
  Objective range [5e+00, 1e+03]
  Bounds range    [1e+00, 1e+00]
  RHS range       [1e+00, 3e+00]
Found heuristic solution: objective 6127.01
Presolve removed 496 rows and 5410 columns
Presolve time: 0.01s

Explored 0 nodes (0 simplex iterations) in 0.01 seconds
Thread count was 1 (of 4 available processors)

Optimal solution found (tolerance 1.00e-04)
Best objective 4.742761761480e+03, best bound 4.742761761480e+03, gap 0.0%

Gurobi 6.0.5 (win64) logging started 08/11/16 15:26:53

Optimize a model with 496 rows, 5410 columns and 5860 nonzeros
Coefficient statistics:
  Matrix range    [1e+00, 4e+01]
  Objective range [5e+00, 1e+03]
  Bounds range    [1e+00, 1e+00]
  RHS range       [1e+00, 3e+00]
Found heuristic solution: objective 6127.01
Presolve removed 496 rows and 5410 columns
Presolve time: 0.00s

Explored 0 nodes (0 simplex iterations) in 0.01 seconds
Thread count was 1 (of 4 available processors)

Optimal solution found (tolerance 1.00e-04)
Best objective 4.742761761480e+03, best bound 4.742761761480e+03, gap 0.0%

Gurobi 6.0.5 (win64) logging started 08/11/16 15:30:35


Gurobi 6.0.5 (win64) logging started 08/11/16 15:31:40


Gurobi 6.0.5 (win64) logging started 08/11/16 15:32:11


Gurobi 6.0.5 (win64) logging started 08/11/16 15:32:32


Gurobi 6.0.5 (win64) logging started 08/11/16 15:32:51

Optimize a model with 496 rows, 5410 columns and 6310 nonzeros
Coefficient statistics:
  Matrix range    [1e+00, 4e+01]
  Objective range [5e+00, 1e+03]
  Bounds range    [1e+00, 1e+00]
  RHS range       [1e+00, 3e+00]
Found heuristic solution: objective 6145.4
Presolve removed 496 rows and 5410 columns
Presolve time: 0.01s

Explored 0 nodes (0 simplex iterations) in 0.01 seconds
Thread count was 1 (of 4 available processors)

Optimal solution found (tolerance 1.00e-04)
Best objective 4.742761761480e+03, best bound 4.742761761480e+03, gap 0.0%
Optimize a model with 496 rows, 5410 columns and 6310 nonzeros
Coefficient statistics:
  Matrix range    [1e+00, 4e+01]
  Objective range [5e+00, 1e+03]
  Bounds range    [1e+00, 1e+00]
  RHS range       [1e+00, 3e+00]
Found heuristic solution: objective 6145.4
Presolve removed 496 rows and 5410 columns
Presolve time: 0.00s

Explored 0 nodes (0 simplex iterations) in 0.01 seconds
Thread count was 1 (of 4 available processors)

Optimal solution found (tolerance 1.00e-04)
Best objective 4.742761761480e+03, best bound 4.742761761480e+03, gap 0.0%

Gurobi 6.0.5 (win64) logging started 08/11/16 15:33:50

Optimize a model with 496 rows, 5410 columns and 6310 nonzeros
Coefficient statistics:
  Matrix range    [1e+00, 4e+01]
  Objective range [5e+00, 1e+03]
  Bounds range    [1e+00, 1e+00]
  RHS range       [1e+00, 3e+00]
Found heuristic solution: objective 6145.4
Presolve removed 496 rows and 5410 columns
Presolve time: 0.00s

Explored 0 nodes (0 simplex iterations) in 0.00 seconds
Thread count was 1 (of 4 available processors)

Optimal solution found (tolerance 1.00e-04)
Best objective 4.742761761480e+03, best bound 4.742761761480e+03, gap 0.0%

Gurobi 6.0.5 (win64) logging started 08/11/16 15:34:16

Optimize a model with 496 rows, 5410 columns and 6310 nonzeros
Coefficient statistics:
  Matrix range    [1e+00, 4e+01]
  Objective range [5e+00, 1e+03]
  Bounds range    [1e+00, 1e+00]
  RHS range       [1e+00, 3e+00]
Found heuristic solution: objective 6145.4
Presolve removed 496 rows and 5410 columns
Presolve time: 0.00s

Explored 0 nodes (0 simplex iterations) in 0.00 seconds
Thread count was 1 (of 4 available processors)

Optimal solution found (tolerance 1.00e-04)
Best objective 4.742761761480e+03, best bound 4.742761761480e+03, gap 0.0%

Gurobi 6.0.5 (win64) logging started 08/11/16 15:36:50

Optimize a model with 496 rows, 5410 columns and 6310 nonzeros
Coefficient statistics:
  Matrix range    [1e+00, 4e+01]
  Objective range [5e+00, 1e+03]
  Bounds range    [1e+00, 1e+00]
  RHS range       [1e+00, 3e+00]
Found heuristic solution: objective 6145.4
Presolve removed 496 rows and 5410 columns
Presolve time: 0.01s

Explored 0 nodes (0 simplex iterations) in 0.01 seconds
Thread count was 1 (of 4 available processors)

Optimal solution found (tolerance 1.00e-04)
Best objective 4.742761761480e+03, best bound 4.742761761480e+03, gap 0.0%

Gurobi 6.0.5 (win64) logging started 08/11/16 15:39:02

Optimize a model with 496 rows, 5410 columns and 22060 nonzeros
Coefficient statistics:
  Matrix range    [1e+00, 4e+01]
  Objective range [5e+00, 1e+03]
  Bounds range    [1e+00, 1e+00]
  RHS range       [1e+00, 3e+00]
Found heuristic solution: objective 6286.45
Presolve time: 0.04s
Presolved: 496 rows, 5410 columns, 22060 nonzeros
Variable types: 5400 continuous, 10 integer (10 binary)

Root relaxation: objective 5.877059e+03, 1115 iterations, 0.08 seconds

    Nodes    |    Current Node    |     Objective Bounds      |     Work
 Expl Unexpl |  Obj  Depth IntInf | Incumbent    BestBd   Gap | It/Node Time

     0     0 5877.05881    0   10 6286.44510 5877.05881  6.51%     -    0s
     0     2 5877.05881    0   10 6286.44510 5877.05881  6.51%     -    0s
*    4     4               3    6051.9766265 5915.36379  2.26%   452    0s
*    5     3               2    5952.9972414 5915.36379  0.63%   389    0s

Explored 9 nodes (3378 simplex iterations) in 0.30 seconds
Thread count was 2 (of 4 available processors)

Optimal solution found (tolerance 1.00e-04)
Best objective 5.952997241398e+03, best bound 5.952997241398e+03, gap 0.0%

Gurobi 6.0.5 (win64) logging started 08/11/16 15:39:23

Optimize a model with 496 rows, 5410 columns and 22060 nonzeros
Coefficient statistics:
  Matrix range    [1e+00, 4e+01]
  Objective range [5e+00, 1e+03]
  Bounds range    [1e+00, 1e+00]
  RHS range       [1e+00, 3e+00]
Found heuristic solution: objective 6286.45
Presolve time: 0.03s
Presolved: 496 rows, 5410 columns, 22060 nonzeros
Variable types: 5400 continuous, 10 integer (10 binary)

Root relaxation: objective 5.877059e+03, 1115 iterations, 0.04 seconds

    Nodes    |    Current Node    |     Objective Bounds      |     Work
 Expl Unexpl |  Obj  Depth IntInf | Incumbent    BestBd   Gap | It/Node Time

     0     0 5877.05881    0   10 6286.44510 5877.05881  6.51%     -    0s
     0     2 5877.05881    0   10 6286.44510 5877.05881  6.51%     -    0s
*    4     4               3    6051.9766265 5915.36379  2.26%   452    0s
*    5     3               2    5952.9972414 5915.36379  0.63%   389    0s

Explored 9 nodes (3378 simplex iterations) in 0.19 seconds
Thread count was 2 (of 4 available processors)

Optimal solution found (tolerance 1.00e-04)
Best objective 5.952997241398e+03, best bound 5.952997241398e+03, gap 0.0%

Gurobi 6.0.5 (win64) logging started 08/11/16 15:40:09

Optimize a model with 496 rows, 5410 columns and 22060 nonzeros
Coefficient statistics:
  Matrix range    [1e+00, 4e+01]
  Objective range [5e+00, 1e+03]
  Bounds range    [1e+00, 1e+00]
  RHS range       [1e+00, 3e+00]
Found heuristic solution: objective 6286.45
Presolve time: 0.06s
Presolved: 496 rows, 5410 columns, 22060 nonzeros
Variable types: 5400 continuous, 10 integer (10 binary)

Root relaxation: objective 5.877059e+03, 1115 iterations, 0.05 seconds

    Nodes    |    Current Node    |     Objective Bounds      |     Work
 Expl Unexpl |  Obj  Depth IntInf | Incumbent    BestBd   Gap | It/Node Time

     0     0 5877.05881    0   10 6286.44510 5877.05881  6.51%     -    0s
     0     2 5877.05881    0   10 6286.44510 5877.05881  6.51%     -    0s
*    4     4               3    6051.9766265 5915.36379  2.26%   452    0s
*    5     3               2    5952.9972414 5915.36379  0.63%   389    0s

Explored 9 nodes (3378 simplex iterations) in 0.30 seconds
Thread count was 2 (of 4 available processors)

Optimal solution found (tolerance 1.00e-04)
Best objective 5.952997241398e+03, best bound 5.952997241398e+03, gap 0.0%

Gurobi 6.0.5 (win64) logging started 08/11/16 16:14:15

Optimize a model with 496 rows, 5410 columns and 22060 nonzeros
Coefficient statistics:
  Matrix range    [1e+00, 4e+01]
  Objective range [5e+00, 1e+03]
  Bounds range    [1e+00, 1e+00]
  RHS range       [1e+00, 3e+00]
Found heuristic solution: objective 6286.45
Presolve time: 0.04s
Presolved: 496 rows, 5410 columns, 22060 nonzeros
Variable types: 5400 continuous, 10 integer (10 binary)

Root relaxation: objective 5.877059e+03, 1115 iterations, 0.04 seconds

    Nodes    |    Current Node    |     Objective Bounds      |     Work
 Expl Unexpl |  Obj  Depth IntInf | Incumbent    BestBd   Gap | It/Node Time

     0     0 5877.05881    0   10 6286.44510 5877.05881  6.51%     -    0s
     0     2 5877.05881    0   10 6286.44510 5877.05881  6.51%     -    0s
*    4     4               3    6051.9766265 5915.36379  2.26%   452    0s
*    5     3               2    5952.9972414 5915.36379  0.63%   389    0s

Explored 9 nodes (3378 simplex iterations) in 0.23 seconds
Thread count was 2 (of 4 available processors)

Optimal solution found (tolerance 1.00e-04)
Best objective 5.952997241398e+03, best bound 5.952997241398e+03, gap 0.0%

Gurobi 6.0.5 (win64) logging started 08/11/16 16:14:25

Optimize a model with 496 rows, 5410 columns and 22060 nonzeros
Coefficient statistics:
  Matrix range    [1e+00, 4e+01]
  Objective range [5e+00, 1e+03]
  Bounds range    [1e+00, 1e+00]
  RHS range       [1e+00, 3e+00]
Found heuristic solution: objective 6286.45
Presolve time: 0.04s
Presolved: 496 rows, 5410 columns, 22060 nonzeros
Variable types: 5400 continuous, 10 integer (10 binary)

Root relaxation: objective 5.877059e+03, 1115 iterations, 0.04 seconds

    Nodes    |    Current Node    |     Objective Bounds      |     Work
 Expl Unexpl |  Obj  Depth IntInf | Incumbent    BestBd   Gap | It/Node Time

     0     0 5877.05881    0   10 6286.44510 5877.05881  6.51%     -    0s
     0     2 5877.05881    0   10 6286.44510 5877.05881  6.51%     -    0s
*    4     4               3    6051.9766265 5915.36379  2.26%   452    0s
*    5     3               2    5952.9972414 5915.36379  0.63%   389    0s

Explored 9 nodes (3378 simplex iterations) in 0.23 seconds
Thread count was 2 (of 4 available processors)

Optimal solution found (tolerance 1.00e-04)
Best objective 5.952997241398e+03, best bound 5.952997241398e+03, gap 0.0%

Gurobi 6.0.5 (win64) logging started 08/11/16 16:18:13

Optimize a model with 497 rows, 5410 columns and 22061 nonzeros
Coefficient statistics:
  Matrix range    [1e+00, 4e+01]
  Objective range [5e+00, 1e+03]
  Bounds range    [1e+00, 1e+00]
  RHS range       [1e+00, 3e+00]
Found heuristic solution: objective 6370.17
Presolve removed 46 rows and 3781 columns
Presolve time: 0.01s
Presolved: 451 rows, 1629 columns, 5274 nonzeros
Variable types: 1620 continuous, 9 integer (9 binary)

Root relaxation: objective 5.952204e+03, 646 iterations, 0.01 seconds

    Nodes    |    Current Node    |     Objective Bounds      |     Work
 Expl Unexpl |  Obj  Depth IntInf | Incumbent    BestBd   Gap | It/Node Time

     0     0 5952.20421    0    4 6370.16816 5952.20421  6.56%     -    0s
H    0     0                    5986.0389581 5952.20421  0.57%     -    0s
H    0     0                    5970.4473453 5952.20421  0.31%     -    0s
H    0     0                    5952.9972414 5952.20421  0.01%     -    0s

Explored 0 nodes (646 simplex iterations) in 0.05 seconds
Thread count was 2 (of 4 available processors)

Optimal solution found (tolerance 1.00e-04)
Best objective 5.952997241398e+03, best bound 5.952997241398e+03, gap 0.0%

Gurobi 6.0.5 (win64) logging started 08/11/16 16:18:43

Optimize a model with 497 rows, 5410 columns and 22061 nonzeros
Coefficient statistics:
  Matrix range    [1e+00, 4e+01]
  Objective range [5e+00, 1e+03]
  Bounds range    [1e+00, 1e+00]
  RHS range       [1e+00, 3e+00]
Found heuristic solution: objective 6286.45
Presolve removed 46 rows and 3781 columns
Presolve time: 0.01s
Presolved: 451 rows, 1629 columns, 5274 nonzeros
Variable types: 1620 continuous, 9 integer (9 binary)

Root relaxation: objective 5.947572e+03, 629 iterations, 0.01 seconds

    Nodes    |    Current Node    |     Objective Bounds      |     Work
 Expl Unexpl |  Obj  Depth IntInf | Incumbent    BestBd   Gap | It/Node Time

     0     0 5947.57238    0    4 6286.44510 5947.57238  5.39%     -    0s
H    0     0                    6046.3762428 5947.57238  1.63%     -    0s
H    0     0                    5986.0389581 5947.57238  0.64%     -    0s
H    0     0                    5983.5998131 5947.57238  0.60%     -    0s
     0     0 5948.56640    0    5 5983.59981 5948.56640  0.59%     -    0s
     0     0 5948.56640    0    4 5983.59981 5948.56640  0.59%     -    0s
     0     0 5949.31191    0    5 5983.59981 5949.31191  0.57%     -    0s
     0     0 5952.05812    0    7 5983.59981 5952.05812  0.53%     -    0s
     0     0 5953.04847    0    4 5983.59981 5953.04847  0.51%     -    0s
     0     0 5954.73752    0    6 5983.59981 5954.73752  0.48%     -    0s
     0     0     cutoff    0      5983.59981 5983.59981  0.00%     -    0s

Cutting planes:
  Gomory: 5

Explored 0 nodes (1343 simplex iterations) in 0.16 seconds
Thread count was 2 (of 4 available processors)

Optimal solution found (tolerance 1.00e-04)
Best objective 5.983599813107e+03, best bound 5.983599813107e+03, gap 0.0%

Gurobi 6.0.5 (win64) logging started 08/11/16 16:31:58


Gurobi 6.0.5 (win64) logging started 08/11/16 16:32:11

Optimize a model with 62 rows, 105 columns and 455 nonzeros
Coefficient statistics:
  Matrix range    [1e+00, 6e+00]
  Objective range [1e+01, 1e+03]
  Bounds range    [1e+00, 1e+00]
  RHS range       [1e+00, 3e+00]
Presolve time: 0.00s

Explored 0 nodes (0 simplex iterations) in 0.00 seconds
Thread count was 1 (of 4 available processors)

Model is infeasible
Best objective -, best bound -, gap -

Gurobi 6.0.5 (win64) logging started 08/11/16 16:46:45

Optimize a model with 62 rows, 105 columns and 455 nonzeros
Coefficient statistics:
  Matrix range    [1e+00, 6e+00]
  Objective range [1e+01, 1e+02]
  Bounds range    [1e+00, 1e+00]
  RHS range       [1e+00, 3e+00]
Presolve time: 0.00s

Explored 0 nodes (0 simplex iterations) in 0.00 seconds
Thread count was 1 (of 4 available processors)

Model is infeasible
Best objective -, best bound -, gap -

Gurobi 6.0.5 (win64) logging started 08/11/16 16:47:22

Optimize a model with 61 rows, 105 columns and 455 nonzeros
Coefficient statistics:
  Matrix range    [1e+00, 6e+00]
  Objective range [1e+01, 1e+03]
  Bounds range    [1e+00, 1e+00]
  RHS range       [1e+00, 3e+00]
Found heuristic solution: objective 3476.24
Presolve time: 0.00s
Presolved: 61 rows, 105 columns, 455 nonzeros
Variable types: 100 continuous, 5 integer (5 binary)

Root relaxation: objective 3.449838e+03, 56 iterations, 0.00 seconds

    Nodes    |    Current Node    |     Objective Bounds      |     Work
 Expl Unexpl |  Obj  Depth IntInf | Incumbent    BestBd   Gap | It/Node Time

     0     0 3449.83813    0    4 3476.24288 3449.83813  0.76%     -    0s
     0     0 3460.45717    0    5 3476.24288 3460.45717  0.45%     -    0s
     0     0 3471.52905    0    4 3476.24288 3471.52905  0.14%     -    0s
     0     1 3471.52905    0    4 3476.24288 3471.52905  0.14%     -    0s

Cutting planes:
  Gomory: 1

Explored 2 nodes (120 simplex iterations) in 0.01 seconds
Thread count was 2 (of 4 available processors)

Optimal solution found (tolerance 1.00e-04)
Best objective 3.476242884157e+03, best bound 3.476242884157e+03, gap 0.0%

Gurobi 6.0.5 (win64) logging started 08/11/16 16:54:36

Optimize a model with 169 rows, 742 columns and 3094 nonzeros
Coefficient statistics:
  Matrix range    [1e+00, 2e+01]
  Objective range [5e+00, 1e+03]
  Bounds range    [1e+00, 1e+00]
  RHS range       [1e+00, 3e+00]
Found heuristic solution: objective 4209.47
Presolve time: 0.00s
Presolved: 169 rows, 742 columns, 3094 nonzeros
Variable types: 735 continuous, 7 integer (7 binary)

Root relaxation: objective 4.010082e+03, 193 iterations, 0.00 seconds

    Nodes    |    Current Node    |     Objective Bounds      |     Work
 Expl Unexpl |  Obj  Depth IntInf | Incumbent    BestBd   Gap | It/Node Time

     0     0 4010.08179    0    6 4209.46606 4010.08179  4.74%     -    0s
H    0     0                    4087.1739797 4010.08179  1.89%     -    0s
     0     0 4010.37561    0    7 4087.17398 4010.37561  1.88%     -    0s
     0     0 4020.93036    0    7 4087.17398 4020.93036  1.62%     -    0s
     0     0 4022.86063    0    6 4087.17398 4022.86063  1.57%     -    0s
     0     2 4022.86063    0    6 4087.17398 4022.86063  1.57%     -    0s

Cutting planes:
  Gomory: 3

Explored 9 nodes (670 simplex iterations) in 0.06 seconds
Thread count was 2 (of 4 available processors)

Optimal solution found (tolerance 1.00e-04)
Best objective 4.087173979733e+03, best bound 4.087173979733e+03, gap 0.0%

Gurobi 6.0.5 (win64) logging started 08/11/16 16:55:43

Optimize a model with 169 rows, 742 columns and 3094 nonzeros
Coefficient statistics:
  Matrix range    [1e+00, 2e+01]
  Objective range [5e+00, 1e+03]
  Bounds range    [1e+00, 1e+00]
  RHS range       [1e+00, 3e+00]
Found heuristic solution: objective 4209.47
Presolve time: 0.00s
Presolved: 169 rows, 742 columns, 3094 nonzeros
Variable types: 735 continuous, 7 integer (7 binary)

Root relaxation: objective 4.010082e+03, 193 iterations, 0.00 seconds

    Nodes    |    Current Node    |     Objective Bounds      |     Work
 Expl Unexpl |  Obj  Depth IntInf | Incumbent    BestBd   Gap | It/Node Time

     0     0 4010.08179    0    6 4209.46606 4010.08179  4.74%     -    0s
H    0     0                    4087.1739797 4010.08179  1.89%     -    0s
     0     0 4010.37561    0    7 4087.17398 4010.37561  1.88%     -    0s
     0     0 4020.93036    0    7 4087.17398 4020.93036  1.62%     -    0s
     0     0 4022.86063    0    6 4087.17398 4022.86063  1.57%     -    0s
     0     2 4022.86063    0    6 4087.17398 4022.86063  1.57%     -    0s

Cutting planes:
  Gomory: 3

Explored 9 nodes (670 simplex iterations) in 0.07 seconds
Thread count was 2 (of 4 available processors)

Optimal solution found (tolerance 1.00e-04)
Best objective 4.087173979733e+03, best bound 4.087173979733e+03, gap 0.0%

Gurobi 6.0.5 (win64) logging started 08/11/16 16:57:10

Optimize a model with 169 rows, 742 columns and 3094 nonzeros
Coefficient statistics:
  Matrix range    [1e+00, 2e+01]
  Objective range [5e+00, 1e+03]
  Bounds range    [1e+00, 1e+00]
  RHS range       [1e+00, 3e+00]
Found heuristic solution: objective 4209.47
Presolve time: 0.00s
Presolved: 169 rows, 742 columns, 3094 nonzeros
Variable types: 735 continuous, 7 integer (7 binary)

Root relaxation: objective 4.010082e+03, 193 iterations, 0.00 seconds

    Nodes    |    Current Node    |     Objective Bounds      |     Work
 Expl Unexpl |  Obj  Depth IntInf | Incumbent    BestBd   Gap | It/Node Time

     0     0 4010.08179    0    6 4209.46606 4010.08179  4.74%     -    0s
H    0     0                    4087.1739797 4010.08179  1.89%     -    0s
     0     0 4010.37561    0    7 4087.17398 4010.37561  1.88%     -    0s
     0     0 4020.93036    0    7 4087.17398 4020.93036  1.62%     -    0s
     0     0 4022.86063    0    6 4087.17398 4022.86063  1.57%     -    0s
     0     2 4022.86063    0    6 4087.17398 4022.86063  1.57%     -    0s

Cutting planes:
  Gomory: 3

Explored 9 nodes (670 simplex iterations) in 0.07 seconds
Thread count was 2 (of 4 available processors)

Optimal solution found (tolerance 1.00e-04)
Best objective 4.087173979733e+03, best bound 4.087173979733e+03, gap 0.0%

Gurobi 6.0.5 (win64) logging started 08/11/16 16:57:52

Optimize a model with 169 rows, 742 columns and 3094 nonzeros
Coefficient statistics:
  Matrix range    [1e+00, 2e+01]
  Objective range [5e+00, 1e+03]
  Bounds range    [1e+00, 1e+00]
  RHS range       [1e+00, 3e+00]
Found heuristic solution: objective 4209.47
Presolve time: 0.00s
Presolved: 169 rows, 742 columns, 3094 nonzeros
Variable types: 735 continuous, 7 integer (7 binary)

Root relaxation: objective 4.010082e+03, 193 iterations, 0.00 seconds

    Nodes    |    Current Node    |     Objective Bounds      |     Work
 Expl Unexpl |  Obj  Depth IntInf | Incumbent    BestBd   Gap | It/Node Time

     0     0 4010.08179    0    6 4209.46606 4010.08179  4.74%     -    0s
H    0     0                    4087.1739797 4010.08179  1.89%     -    0s
     0     0 4010.37561    0    7 4087.17398 4010.37561  1.88%     -    0s
     0     0 4020.93036    0    7 4087.17398 4020.93036  1.62%     -    0s
     0     0 4022.86063    0    6 4087.17398 4022.86063  1.57%     -    0s
     0     2 4022.86063    0    6 4087.17398 4022.86063  1.57%     -    0s

Cutting planes:
  Gomory: 3

Explored 9 nodes (670 simplex iterations) in 0.06 seconds
Thread count was 2 (of 4 available processors)

Optimal solution found (tolerance 1.00e-04)
Best objective 4.087173979733e+03, best bound 4.087173979733e+03, gap 0.0%

Gurobi 6.0.5 (win64) logging started 08/11/16 16:58:39

Optimize a model with 169 rows, 742 columns and 3094 nonzeros
Coefficient statistics:
  Matrix range    [1e+00, 2e+01]
  Objective range [5e+00, 1e+03]
  Bounds range    [1e+00, 1e+00]
  RHS range       [1e+00, 3e+00]
Found heuristic solution: objective 4209.47
Presolve time: 0.00s
Presolved: 169 rows, 742 columns, 3094 nonzeros
Variable types: 735 continuous, 7 integer (7 binary)

Root relaxation: objective 4.010082e+03, 193 iterations, 0.00 seconds

    Nodes    |    Current Node    |     Objective Bounds      |     Work
 Expl Unexpl |  Obj  Depth IntInf | Incumbent    BestBd   Gap | It/Node Time

     0     0 4010.08179    0    6 4209.46606 4010.08179  4.74%     -    0s
H    0     0                    4087.1739797 4010.08179  1.89%     -    0s
     0     0 4010.37561    0    7 4087.17398 4010.37561  1.88%     -    0s
     0     0 4020.93036    0    7 4087.17398 4020.93036  1.62%     -    0s
     0     0 4022.86063    0    6 4087.17398 4022.86063  1.57%     -    0s
     0     2 4022.86063    0    6 4087.17398 4022.86063  1.57%     -    0s

Cutting planes:
  Gomory: 3

Explored 9 nodes (670 simplex iterations) in 0.06 seconds
Thread count was 2 (of 4 available processors)

Optimal solution found (tolerance 1.00e-04)
Best objective 4.087173979733e+03, best bound 4.087173979733e+03, gap 0.0%

Gurobi 6.0.5 (win64) logging started 08/11/16 16:59:29

Optimize a model with 169 rows, 742 columns and 3094 nonzeros
Coefficient statistics:
  Matrix range    [1e+00, 2e+01]
  Objective range [5e+00, 1e+03]
  Bounds range    [1e+00, 1e+00]
  RHS range       [1e+00, 3e+00]
Found heuristic solution: objective 4209.47
Presolve time: 0.00s
Presolved: 169 rows, 742 columns, 3094 nonzeros
Variable types: 735 continuous, 7 integer (7 binary)

Root relaxation: objective 4.010082e+03, 193 iterations, 0.00 seconds

    Nodes    |    Current Node    |     Objective Bounds      |     Work
 Expl Unexpl |  Obj  Depth IntInf | Incumbent    BestBd   Gap | It/Node Time

     0     0 4010.08179    0    6 4209.46606 4010.08179  4.74%     -    0s
H    0     0                    4087.1739797 4010.08179  1.89%     -    0s
     0     0 4010.37561    0    7 4087.17398 4010.37561  1.88%     -    0s
     0     0 4020.93036    0    7 4087.17398 4020.93036  1.62%     -    0s
     0     0 4022.86063    0    6 4087.17398 4022.86063  1.57%     -    0s
     0     2 4022.86063    0    6 4087.17398 4022.86063  1.57%     -    0s

Cutting planes:
  Gomory: 3

Explored 9 nodes (670 simplex iterations) in 0.07 seconds
Thread count was 2 (of 4 available processors)

Optimal solution found (tolerance 1.00e-04)
Best objective 4.087173979733e+03, best bound 4.087173979733e+03, gap 0.0%

Gurobi 6.0.5 (win64) logging started 08/11/16 16:59:42

Optimize a model with 169 rows, 742 columns and 3094 nonzeros
Coefficient statistics:
  Matrix range    [1e+00, 2e+01]
  Objective range [5e+00, 1e+03]
  Bounds range    [1e+00, 1e+00]
  RHS range       [1e+00, 3e+00]
Found heuristic solution: objective 4209.47
Presolve time: 0.00s
Presolved: 169 rows, 742 columns, 3094 nonzeros
Variable types: 735 continuous, 7 integer (7 binary)

Root relaxation: objective 4.010082e+03, 193 iterations, 0.00 seconds

    Nodes    |    Current Node    |     Objective Bounds      |     Work
 Expl Unexpl |  Obj  Depth IntInf | Incumbent    BestBd   Gap | It/Node Time

     0     0 4010.08179    0    6 4209.46606 4010.08179  4.74%     -    0s
H    0     0                    4087.1739797 4010.08179  1.89%     -    0s
     0     0 4010.37561    0    7 4087.17398 4010.37561  1.88%     -    0s
     0     0 4020.93036    0    7 4087.17398 4020.93036  1.62%     -    0s
     0     0 4022.86063    0    6 4087.17398 4022.86063  1.57%     -    0s
     0     2 4022.86063    0    6 4087.17398 4022.86063  1.57%     -    0s

Cutting planes:
  Gomory: 3

Explored 9 nodes (670 simplex iterations) in 0.07 seconds
Thread count was 2 (of 4 available processors)

Optimal solution found (tolerance 1.00e-04)
Best objective 4.087173979733e+03, best bound 4.087173979733e+03, gap 0.0%

Gurobi 6.0.5 (win64) logging started 08/11/16 17:13:08

Optimize a model with 169 rows, 742 columns and 3094 nonzeros
Coefficient statistics:
  Matrix range    [1e+00, 2e+01]
  Objective range [5e+00, 1e+03]
  Bounds range    [1e+00, 1e+00]
  RHS range       [1e+00, 3e+00]
Found heuristic solution: objective 4209.47
Presolve time: 0.01s
Presolved: 169 rows, 742 columns, 3094 nonzeros
Variable types: 735 continuous, 7 integer (7 binary)

Root relaxation: objective 4.010082e+03, 193 iterations, 0.00 seconds

    Nodes    |    Current Node    |     Objective Bounds      |     Work
 Expl Unexpl |  Obj  Depth IntInf | Incumbent    BestBd   Gap | It/Node Time

     0     0 4010.08179    0    6 4209.46606 4010.08179  4.74%     -    0s
H    0     0                    4087.1739797 4010.08179  1.89%     -    0s
     0     0 4010.37561    0    7 4087.17398 4010.37561  1.88%     -    0s
     0     0 4020.93036    0    7 4087.17398 4020.93036  1.62%     -    0s
     0     0 4022.86063    0    6 4087.17398 4022.86063  1.57%     -    0s
     0     2 4022.86063    0    6 4087.17398 4022.86063  1.57%     -    0s

Cutting planes:
  Gomory: 3

Explored 9 nodes (670 simplex iterations) in 0.07 seconds
Thread count was 2 (of 4 available processors)

Optimal solution found (tolerance 1.00e-04)
Best objective 4.087173979733e+03, best bound 4.087173979733e+03, gap 0.0%

Gurobi 6.0.5 (win64) logging started 08/11/16 17:13:53

Optimize a model with 169 rows, 742 columns and 3094 nonzeros
Coefficient statistics:
  Matrix range    [1e+00, 2e+01]
  Objective range [5e+00, 1e+03]
  Bounds range    [1e+00, 1e+00]
  RHS range       [1e+00, 3e+00]
Found heuristic solution: objective 4209.47
Presolve time: 0.00s
Presolved: 169 rows, 742 columns, 3094 nonzeros
Variable types: 735 continuous, 7 integer (7 binary)

Root relaxation: objective 4.010082e+03, 193 iterations, 0.00 seconds

    Nodes    |    Current Node    |     Objective Bounds      |     Work
 Expl Unexpl |  Obj  Depth IntInf | Incumbent    BestBd   Gap | It/Node Time

     0     0 4010.08179    0    6 4209.46606 4010.08179  4.74%     -    0s
H    0     0                    4087.1739797 4010.08179  1.89%     -    0s
     0     0 4010.37561    0    7 4087.17398 4010.37561  1.88%     -    0s
     0     0 4020.93036    0    7 4087.17398 4020.93036  1.62%     -    0s
     0     0 4022.86063    0    6 4087.17398 4022.86063  1.57%     -    0s
     0     2 4022.86063    0    6 4087.17398 4022.86063  1.57%     -    0s

Cutting planes:
  Gomory: 3

Explored 9 nodes (670 simplex iterations) in 0.07 seconds
Thread count was 2 (of 4 available processors)

Optimal solution found (tolerance 1.00e-04)
Best objective 4.087173979733e+03, best bound 4.087173979733e+03, gap 0.0%

Gurobi 6.0.5 (win64) logging started 08/11/16 17:16:15

Optimize a model with 169 rows, 742 columns and 3094 nonzeros
Coefficient statistics:
  Matrix range    [1e+00, 2e+01]
  Objective range [5e+00, 1e+03]
  Bounds range    [1e+00, 1e+00]
  RHS range       [1e+00, 3e+00]
Found heuristic solution: objective 4209.47
Presolve time: 0.00s
Presolved: 169 rows, 742 columns, 3094 nonzeros
Variable types: 735 continuous, 7 integer (7 binary)

Root relaxation: objective 4.010082e+03, 193 iterations, 0.00 seconds

    Nodes    |    Current Node    |     Objective Bounds      |     Work
 Expl Unexpl |  Obj  Depth IntInf | Incumbent    BestBd   Gap | It/Node Time

     0     0 4010.08179    0    6 4209.46606 4010.08179  4.74%     -    0s
H    0     0                    4087.1739797 4010.08179  1.89%     -    0s
     0     0 4010.37561    0    7 4087.17398 4010.37561  1.88%     -    0s
     0     0 4020.93036    0    7 4087.17398 4020.93036  1.62%     -    0s
     0     0 4022.86063    0    6 4087.17398 4022.86063  1.57%     -    0s
     0     2 4022.86063    0    6 4087.17398 4022.86063  1.57%     -    0s

Cutting planes:
  Gomory: 3

Explored 9 nodes (670 simplex iterations) in 0.07 seconds
Thread count was 2 (of 4 available processors)

Optimal solution found (tolerance 1.00e-04)
Best objective 4.087173979733e+03, best bound 4.087173979733e+03, gap 0.0%

Gurobi 6.0.5 (win64) logging started 08/11/16 17:16:22

Optimize a model with 169 rows, 742 columns and 3094 nonzeros
Coefficient statistics:
  Matrix range    [1e+00, 2e+01]
  Objective range [5e+00, 1e+03]
  Bounds range    [1e+00, 1e+00]
  RHS range       [1e+00, 3e+00]
Found heuristic solution: objective 4209.47
Presolve time: 0.01s
Presolved: 169 rows, 742 columns, 3094 nonzeros
Variable types: 735 continuous, 7 integer (7 binary)

Root relaxation: objective 4.010082e+03, 193 iterations, 0.00 seconds

    Nodes    |    Current Node    |     Objective Bounds      |     Work
 Expl Unexpl |  Obj  Depth IntInf | Incumbent    BestBd   Gap | It/Node Time

     0     0 4010.08179    0    6 4209.46606 4010.08179  4.74%     -    0s
H    0     0                    4087.1739797 4010.08179  1.89%     -    0s
     0     0 4010.37561    0    7 4087.17398 4010.37561  1.88%     -    0s
     0     0 4020.93036    0    7 4087.17398 4020.93036  1.62%     -    0s
     0     0 4022.86063    0    6 4087.17398 4022.86063  1.57%     -    0s
     0     2 4022.86063    0    6 4087.17398 4022.86063  1.57%     -    0s

Cutting planes:
  Gomory: 3

Explored 9 nodes (670 simplex iterations) in 0.07 seconds
Thread count was 2 (of 4 available processors)

Optimal solution found (tolerance 1.00e-04)
Best objective 4.087173979733e+03, best bound 4.087173979733e+03, gap 0.0%

Gurobi 6.0.5 (win64) logging started 08/11/16 17:17:57

Optimize a model with 169 rows, 742 columns and 3094 nonzeros
Coefficient statistics:
  Matrix range    [1e+00, 2e+01]
  Objective range [5e+00, 1e+03]
  Bounds range    [1e+00, 1e+00]
  RHS range       [1e+00, 3e+00]
Found heuristic solution: objective 4209.47
Presolve time: 0.00s
Presolved: 169 rows, 742 columns, 3094 nonzeros
Variable types: 735 continuous, 7 integer (7 binary)

Root relaxation: objective 4.010082e+03, 193 iterations, 0.00 seconds

    Nodes    |    Current Node    |     Objective Bounds      |     Work
 Expl Unexpl |  Obj  Depth IntInf | Incumbent    BestBd   Gap | It/Node Time

     0     0 4010.08179    0    6 4209.46606 4010.08179  4.74%     -    0s
H    0     0                    4087.1739797 4010.08179  1.89%     -    0s
     0     0 4010.37561    0    7 4087.17398 4010.37561  1.88%     -    0s
     0     0 4020.93036    0    7 4087.17398 4020.93036  1.62%     -    0s
     0     0 4022.86063    0    6 4087.17398 4022.86063  1.57%     -    0s
     0     2 4022.86063    0    6 4087.17398 4022.86063  1.57%     -    0s

Cutting planes:
  Gomory: 3

Explored 9 nodes (670 simplex iterations) in 0.06 seconds
Thread count was 2 (of 4 available processors)

Optimal solution found (tolerance 1.00e-04)
Best objective 4.087173979733e+03, best bound 4.087173979733e+03, gap 0.0%

Gurobi 6.0.5 (win64) logging started 08/11/16 17:18:05

Optimize a model with 169 rows, 742 columns and 3094 nonzeros
Coefficient statistics:
  Matrix range    [1e+00, 2e+01]
  Objective range [5e+00, 1e+03]
  Bounds range    [1e+00, 1e+00]
  RHS range       [1e+00, 3e+00]
Found heuristic solution: objective 4209.47
Presolve time: 0.00s
Presolved: 169 rows, 742 columns, 3094 nonzeros
Variable types: 735 continuous, 7 integer (7 binary)

Root relaxation: objective 4.010082e+03, 193 iterations, 0.00 seconds

    Nodes    |    Current Node    |     Objective Bounds      |     Work
 Expl Unexpl |  Obj  Depth IntInf | Incumbent    BestBd   Gap | It/Node Time

     0     0 4010.08179    0    6 4209.46606 4010.08179  4.74%     -    0s
H    0     0                    4087.1739797 4010.08179  1.89%     -    0s
     0     0 4010.37561    0    7 4087.17398 4010.37561  1.88%     -    0s
     0     0 4020.93036    0    7 4087.17398 4020.93036  1.62%     -    0s
     0     0 4022.86063    0    6 4087.17398 4022.86063  1.57%     -    0s
     0     2 4022.86063    0    6 4087.17398 4022.86063  1.57%     -    0s

Cutting planes:
  Gomory: 3

Explored 9 nodes (670 simplex iterations) in 0.07 seconds
Thread count was 2 (of 4 available processors)

Optimal solution found (tolerance 1.00e-04)
Best objective 4.087173979733e+03, best bound 4.087173979733e+03, gap 0.0%

Gurobi 6.0.5 (win64) logging started 08/11/16 17:18:27

Optimize a model with 169 rows, 742 columns and 3094 nonzeros
Coefficient statistics:
  Matrix range    [1e+00, 2e+01]
  Objective range [5e+00, 1e+03]
  Bounds range    [1e+00, 1e+00]
  RHS range       [1e+00, 3e+00]
Found heuristic solution: objective 4209.47
Presolve time: 0.00s
Presolved: 169 rows, 742 columns, 3094 nonzeros
Variable types: 735 continuous, 7 integer (7 binary)

Root relaxation: objective 4.010082e+03, 193 iterations, 0.00 seconds

    Nodes    |    Current Node    |     Objective Bounds      |     Work
 Expl Unexpl |  Obj  Depth IntInf | Incumbent    BestBd   Gap | It/Node Time

     0     0 4010.08179    0    6 4209.46606 4010.08179  4.74%     -    0s
H    0     0                    4087.1739797 4010.08179  1.89%     -    0s
     0     0 4010.37561    0    7 4087.17398 4010.37561  1.88%     -    0s
     0     0 4020.93036    0    7 4087.17398 4020.93036  1.62%     -    0s
     0     0 4022.86063    0    6 4087.17398 4022.86063  1.57%     -    0s
     0     2 4022.86063    0    6 4087.17398 4022.86063  1.57%     -    0s

Cutting planes:
  Gomory: 3

Explored 9 nodes (670 simplex iterations) in 0.07 seconds
Thread count was 2 (of 4 available processors)

Optimal solution found (tolerance 1.00e-04)
Best objective 4.087173979733e+03, best bound 4.087173979733e+03, gap 0.0%

Gurobi 6.0.5 (win64) logging started 08/11/16 17:32:32

Optimize a model with 169 rows, 742 columns and 3094 nonzeros
Coefficient statistics:
  Matrix range    [1e+00, 2e+01]
  Objective range [5e+00, 1e+03]
  Bounds range    [1e+00, 1e+00]
  RHS range       [1e+00, 3e+00]
Found heuristic solution: objective 4209.47
Presolve time: 0.00s
Presolved: 169 rows, 742 columns, 3094 nonzeros
Variable types: 735 continuous, 7 integer (7 binary)

Root relaxation: objective 4.010082e+03, 193 iterations, 0.00 seconds

    Nodes    |    Current Node    |     Objective Bounds      |     Work
 Expl Unexpl |  Obj  Depth IntInf | Incumbent    BestBd   Gap | It/Node Time

     0     0 4010.08179    0    6 4209.46606 4010.08179  4.74%     -    0s
H    0     0                    4087.1739797 4010.08179  1.89%     -    0s
     0     0 4010.37561    0    7 4087.17398 4010.37561  1.88%     -    0s
     0     0 4020.93036    0    7 4087.17398 4020.93036  1.62%     -    0s
     0     0 4022.86063    0    6 4087.17398 4022.86063  1.57%     -    0s
     0     2 4022.86063    0    6 4087.17398 4022.86063  1.57%     -    0s

Cutting planes:
  Gomory: 3

Explored 9 nodes (670 simplex iterations) in 0.07 seconds
Thread count was 2 (of 4 available processors)

Optimal solution found (tolerance 1.00e-04)
Best objective 4.087173979733e+03, best bound 4.087173979733e+03, gap 0.0%

Gurobi 6.0.5 (win64) logging started 08/11/16 17:33:27

Optimize a model with 169 rows, 742 columns and 3094 nonzeros
Coefficient statistics:
  Matrix range    [1e+00, 2e+01]
  Objective range [5e+00, 1e+03]
  Bounds range    [1e+00, 1e+00]
  RHS range       [1e+00, 3e+00]
Found heuristic solution: objective 4209.47
Presolve time: 0.00s
Presolved: 169 rows, 742 columns, 3094 nonzeros
Variable types: 735 continuous, 7 integer (7 binary)

Root relaxation: objective 4.010082e+03, 193 iterations, 0.00 seconds

    Nodes    |    Current Node    |     Objective Bounds      |     Work
 Expl Unexpl |  Obj  Depth IntInf | Incumbent    BestBd   Gap | It/Node Time

     0     0 4010.08179    0    6 4209.46606 4010.08179  4.74%     -    0s
H    0     0                    4087.1739797 4010.08179  1.89%     -    0s
     0     0 4010.37561    0    7 4087.17398 4010.37561  1.88%     -    0s
     0     0 4020.93036    0    7 4087.17398 4020.93036  1.62%     -    0s
     0     0 4022.86063    0    6 4087.17398 4022.86063  1.57%     -    0s
     0     2 4022.86063    0    6 4087.17398 4022.86063  1.57%     -    0s

Cutting planes:
  Gomory: 3

Explored 9 nodes (670 simplex iterations) in 0.06 seconds
Thread count was 2 (of 4 available processors)

Optimal solution found (tolerance 1.00e-04)
Best objective 4.087173979733e+03, best bound 4.087173979733e+03, gap 0.0%

Gurobi 6.0.5 (win64) logging started 08/11/16 17:34:11

Optimize a model with 169 rows, 742 columns and 3094 nonzeros
Coefficient statistics:
  Matrix range    [1e+00, 2e+01]
  Objective range [5e+00, 1e+03]
  Bounds range    [1e+00, 1e+00]
  RHS range       [1e+00, 3e+00]
Found heuristic solution: objective 4209.47
Presolve time: 0.00s
Presolved: 169 rows, 742 columns, 3094 nonzeros
Variable types: 735 continuous, 7 integer (7 binary)

Root relaxation: objective 4.010082e+03, 193 iterations, 0.00 seconds

    Nodes    |    Current Node    |     Objective Bounds      |     Work
 Expl Unexpl |  Obj  Depth IntInf | Incumbent    BestBd   Gap | It/Node Time

     0     0 4010.08179    0    6 4209.46606 4010.08179  4.74%     -    0s
H    0     0                    4087.1739797 4010.08179  1.89%     -    0s
     0     0 4010.37561    0    7 4087.17398 4010.37561  1.88%     -    0s
     0     0 4020.93036    0    7 4087.17398 4020.93036  1.62%     -    0s
     0     0 4022.86063    0    6 4087.17398 4022.86063  1.57%     -    0s
     0     2 4022.86063    0    6 4087.17398 4022.86063  1.57%     -    0s

Cutting planes:
  Gomory: 3

Explored 9 nodes (670 simplex iterations) in 0.07 seconds
Thread count was 2 (of 4 available processors)

Optimal solution found (tolerance 1.00e-04)
Best objective 4.087173979733e+03, best bound 4.087173979733e+03, gap 0.0%

Gurobi 6.0.5 (win64) logging started 08/16/16 09:35:58

Optimize a model with 169 rows, 742 columns and 3094 nonzeros
Coefficient statistics:
  Matrix range    [1e+00, 2e+01]
  Objective range [5e+00, 1e+03]
  Bounds range    [1e+00, 1e+00]
  RHS range       [1e+00, 3e+00]
Found heuristic solution: objective 4209.47
Presolve time: 0.00s
Presolved: 169 rows, 742 columns, 3094 nonzeros
Variable types: 735 continuous, 7 integer (7 binary)

Root relaxation: objective 4.010082e+03, 193 iterations, 0.00 seconds

    Nodes    |    Current Node    |     Objective Bounds      |     Work
 Expl Unexpl |  Obj  Depth IntInf | Incumbent    BestBd   Gap | It/Node Time

     0     0 4010.08179    0    6 4209.46606 4010.08179  4.74%     -    0s
H    0     0                    4087.1739797 4010.08179  1.89%     -    0s
     0     0 4010.37561    0    7 4087.17398 4010.37561  1.88%     -    0s
     0     0 4020.93036    0    7 4087.17398 4020.93036  1.62%     -    0s
     0     0 4022.86063    0    6 4087.17398 4022.86063  1.57%     -    0s
     0     2 4022.86063    0    6 4087.17398 4022.86063  1.57%     -    0s

Cutting planes:
  Gomory: 3

Explored 9 nodes (670 simplex iterations) in 0.09 seconds
Thread count was 2 (of 4 available processors)

Optimal solution found (tolerance 1.00e-04)
Best objective 4.087173979733e+03, best bound 4.087173979733e+03, gap 0.0%

Gurobi 6.0.5 (win64) logging started 08/16/16 09:37:21

Optimize a model with 169 rows, 742 columns and 3094 nonzeros
Coefficient statistics:
  Matrix range    [1e+00, 2e+01]
  Objective range [5e+00, 1e+03]
  Bounds range    [1e+00, 1e+00]
  RHS range       [1e+00, 3e+00]
Found heuristic solution: objective 4209.47
Presolve time: 0.00s
Presolved: 169 rows, 742 columns, 3094 nonzeros
Variable types: 735 continuous, 7 integer (7 binary)

Root relaxation: objective 4.010082e+03, 193 iterations, 0.00 seconds

    Nodes    |    Current Node    |     Objective Bounds      |     Work
 Expl Unexpl |  Obj  Depth IntInf | Incumbent    BestBd   Gap | It/Node Time

     0     0 4010.08179    0    6 4209.46606 4010.08179  4.74%     -    0s
H    0     0                    4087.1739797 4010.08179  1.89%     -    0s
     0     0 4010.37561    0    7 4087.17398 4010.37561  1.88%     -    0s
     0     0 4020.93036    0    7 4087.17398 4020.93036  1.62%     -    0s
     0     0 4022.86063    0    6 4087.17398 4022.86063  1.57%     -    0s
     0     2 4022.86063    0    6 4087.17398 4022.86063  1.57%     -    0s

Cutting planes:
  Gomory: 3

Explored 9 nodes (670 simplex iterations) in 0.07 seconds
Thread count was 2 (of 4 available processors)

Optimal solution found (tolerance 1.00e-04)
Best objective 4.087173979733e+03, best bound 4.087173979733e+03, gap 0.0%

Gurobi 6.0.5 (win64) logging started 08/16/16 09:40:10

Optimize a model with 169 rows, 742 columns and 3094 nonzeros
Coefficient statistics:
  Matrix range    [1e+00, 2e+01]
  Objective range [5e+00, 1e+03]
  Bounds range    [1e+00, 1e+00]
  RHS range       [1e+00, 3e+00]
Found heuristic solution: objective 4209.47
Presolve time: 0.00s
Presolved: 169 rows, 742 columns, 3094 nonzeros
Variable types: 735 continuous, 7 integer (7 binary)

Root relaxation: objective 4.010082e+03, 193 iterations, 0.00 seconds

    Nodes    |    Current Node    |     Objective Bounds      |     Work
 Expl Unexpl |  Obj  Depth IntInf | Incumbent    BestBd   Gap | It/Node Time

     0     0 4010.08179    0    6 4209.46606 4010.08179  4.74%     -    0s
H    0     0                    4087.1739797 4010.08179  1.89%     -    0s
     0     0 4010.37561    0    7 4087.17398 4010.37561  1.88%     -    0s
     0     0 4020.93036    0    7 4087.17398 4020.93036  1.62%     -    0s
     0     0 4022.86063    0    6 4087.17398 4022.86063  1.57%     -    0s
     0     2 4022.86063    0    6 4087.17398 4022.86063  1.57%     -    0s

Cutting planes:
  Gomory: 3

Explored 9 nodes (670 simplex iterations) in 0.07 seconds
Thread count was 2 (of 4 available processors)

Optimal solution found (tolerance 1.00e-04)
Best objective 4.087173979733e+03, best bound 4.087173979733e+03, gap 0.0%

Gurobi 6.0.5 (win64) logging started 08/16/16 09:44:11

Optimize a model with 169 rows, 742 columns and 3094 nonzeros
Coefficient statistics:
  Matrix range    [1e+00, 2e+01]
  Objective range [5e+00, 1e+03]
  Bounds range    [1e+00, 1e+00]
  RHS range       [1e+00, 3e+00]
Found heuristic solution: objective 4209.47
Presolve time: 0.00s
Presolved: 169 rows, 742 columns, 3094 nonzeros
Variable types: 735 continuous, 7 integer (7 binary)

Root relaxation: objective 4.010082e+03, 193 iterations, 0.00 seconds

    Nodes    |    Current Node    |     Objective Bounds      |     Work
 Expl Unexpl |  Obj  Depth IntInf | Incumbent    BestBd   Gap | It/Node Time

     0     0 4010.08179    0    6 4209.46606 4010.08179  4.74%     -    0s
H    0     0                    4087.1739797 4010.08179  1.89%     -    0s
     0     0 4010.37561    0    7 4087.17398 4010.37561  1.88%     -    0s
     0     0 4020.93036    0    7 4087.17398 4020.93036  1.62%     -    0s
     0     0 4022.86063    0    6 4087.17398 4022.86063  1.57%     -    0s
     0     2 4022.86063    0    6 4087.17398 4022.86063  1.57%     -    0s

Cutting planes:
  Gomory: 3

Explored 9 nodes (670 simplex iterations) in 0.07 seconds
Thread count was 2 (of 4 available processors)

Optimal solution found (tolerance 1.00e-04)
Best objective 4.087173979733e+03, best bound 4.087173979733e+03, gap 0.0%

Gurobi 6.0.5 (win64) logging started 08/16/16 10:21:40

Optimize a model with 496 rows, 5410 columns and 22060 nonzeros
Coefficient statistics:
  Matrix range    [1e+00, 4e+01]
  Objective range [5e+00, 1e+03]
  Bounds range    [1e+00, 1e+00]
  RHS range       [1e+00, 3e+00]
Found heuristic solution: objective 6286.45
Presolve time: 0.05s
Presolved: 496 rows, 5410 columns, 22060 nonzeros
Variable types: 5400 continuous, 10 integer (10 binary)

Root relaxation: objective 5.877059e+03, 1115 iterations, 0.04 seconds

    Nodes    |    Current Node    |     Objective Bounds      |     Work
 Expl Unexpl |  Obj  Depth IntInf | Incumbent    BestBd   Gap | It/Node Time

     0     0 5877.05881    0   10 6286.44510 5877.05881  6.51%     -    0s
     0     2 5877.05881    0   10 6286.44510 5877.05881  6.51%     -    0s
*    4     4               3    6051.9766265 5915.36379  2.26%   452    0s
*    5     3               2    5952.9972414 5915.36379  0.63%   389    0s

Explored 9 nodes (3378 simplex iterations) in 0.26 seconds
Thread count was 2 (of 4 available processors)

Optimal solution found (tolerance 1.00e-04)
Best objective 5.952997241398e+03, best bound 5.952997241398e+03, gap 0.0%

Gurobi 6.0.5 (win64) logging started 08/16/16 10:23:52

Optimize a model with 496 rows, 5410 columns and 22060 nonzeros
Coefficient statistics:
  Matrix range    [1e+00, 4e+01]
  Objective range [5e+00, 1e+03]
  Bounds range    [1e+00, 1e+00]
  RHS range       [1e+00, 3e+00]
Found heuristic solution: objective 6286.45
Presolve time: 0.03s
Presolved: 496 rows, 5410 columns, 22060 nonzeros
Variable types: 5400 continuous, 10 integer (10 binary)

Root relaxation: objective 5.877059e+03, 1115 iterations, 0.04 seconds

    Nodes    |    Current Node    |     Objective Bounds      |     Work
 Expl Unexpl |  Obj  Depth IntInf | Incumbent    BestBd   Gap | It/Node Time

     0     0 5877.05881    0   10 6286.44510 5877.05881  6.51%     -    0s
     0     2 5877.05881    0   10 6286.44510 5877.05881  6.51%     -    0s
*    4     4               3    6051.9766265 5915.36379  2.26%   452    0s
*    5     3               2    5952.9972414 5915.36379  0.63%   389    0s

Explored 9 nodes (3378 simplex iterations) in 0.23 seconds
Thread count was 2 (of 4 available processors)

Optimal solution found (tolerance 1.00e-04)
Best objective 5.952997241398e+03, best bound 5.952997241398e+03, gap 0.0%

Gurobi 6.0.5 (win64) logging started 08/16/16 11:16:14

Optimize a model with 3991 rows, 216620 columns and 870220 nonzeros
Coefficient statistics:
  Matrix range    [1e+00, 2e+02]
  Objective range [6e-01, 1e+03]
  Bounds range    [1e+00, 1e+00]
  RHS range       [1e+00, 3e+00]
Found heuristic solution: objective 20004.7
Presolve time: 0.98s
Presolved: 3991 rows, 216620 columns, 870220 nonzeros
Variable types: 216600 continuous, 20 integer (20 binary)

Root simplex log...

Iteration    Objective       Primal Inf.    Dual Inf.      Time
   16976    1.8151041e+04   1.079500e+03   0.000000e+00      5s
   20449    1.8197900e+04   0.000000e+00   0.000000e+00      6s

Root relaxation: objective 1.819790e+04, 20449 iterations, 4.88 seconds

    Nodes    |    Current Node    |     Objective Bounds      |     Work
 Expl Unexpl |  Obj  Depth IntInf | Incumbent    BestBd   Gap | It/Node Time

     0     0 18197.9002    0    8 20004.7108 18197.9002  9.03%     -    6s
H    0     0                    19285.993285 18197.9002  5.64%     -    7s
H    0     0                    19267.468437 18197.9002  5.55%     -    8s
H    0     0                    18797.245045 18197.9002  3.19%     -    8s
H    0     0                    18776.898504 18197.9002  3.08%     -   10s
     0     2 18197.9002    0    8 18776.8985 18197.9002  3.08%     -   13s
*    1     1               1    18405.749230 18211.6002  1.05%  4500   14s
     2     2 18272.5823    1    7 18405.7492 18272.5823  0.72%  7220   17s
*    3     1               2    18385.244965 18272.5938  0.61%  6164   18s

Gurobi 6.0.5 (win64) logging started 08/16/16 11:17:28

Optimize a model with 3991 rows, 216620 columns and 870220 nonzeros
Coefficient statistics:
  Matrix range    [1e+00, 2e+02]
  Objective range [6e-01, 1e+03]
  Bounds range    [1e+00, 1e+00]
  RHS range       [1e+00, 3e+00]
Found heuristic solution: objective 20004.7
Presolve time: 0.98s
Presolved: 3991 rows, 216620 columns, 870220 nonzeros
Variable types: 216600 continuous, 20 integer (20 binary)

Root simplex log...

Iteration    Objective       Primal Inf.    Dual Inf.      Time
   17196    1.8153478e+04   2.555833e+03   0.000000e+00      5s
   20449    1.8197900e+04   0.000000e+00   0.000000e+00      6s

Root relaxation: objective 1.819790e+04, 20449 iterations, 4.76 seconds

    Nodes    |    Current Node    |     Objective Bounds      |     Work
 Expl Unexpl |  Obj  Depth IntInf | Incumbent    BestBd   Gap | It/Node Time

     0     0 18197.9002    0    8 20004.7108 18197.9002  9.03%     -    6s
H    0     0                    19285.993285 18197.9002  5.64%     -    7s
H    0     0                    19267.468437 18197.9002  5.55%     -    8s
H    0     0                    18797.245045 18197.9002  3.19%     -    8s
H    0     0                    18776.898504 18197.9002  3.08%     -   10s
     0     2 18197.9002    0    8 18776.8985 18197.9002  3.08%     -   13s
*    1     1               1    18405.749230 18211.6002  1.05%  4500   14s
     2     2 18272.5823    1    7 18405.7492 18272.5823  0.72%  7220   17s
*    3     1               2    18385.244965 18272.5938  0.61%  6164   18s
     4     0     cutoff    2      18385.2450 18385.2450  0.00%  8546   23s

Explored 5 nodes (54633 simplex iterations) in 23.31 seconds
Thread count was 2 (of 4 available processors)

Optimal solution found (tolerance 1.00e-04)
Best objective 1.838524496522e+04, best bound 1.838524496522e+04, gap 0.0%
